<?xml version="1.0" encoding="UTF-8"?>
<testng-results ignored="0" total="1" passed="1" failed="0" skipped="0">
  <reporter-output>
  </reporter-output>
  <suite started-at="2023-02-01T16:55:46 CST" name="Default suite" finished-at="2023-02-01T16:55:48 CST" duration-ms="2327">
    <groups>
    </groups>
    <test started-at="2023-02-01T16:55:46 CST" name="Default test" finished-at="2023-02-01T16:55:48 CST" duration-ms="2327">
      <class name="project.TestGet">
        <test-method signature="getAllResult()[pri:0, instance:project.TestGet@3c22fc4c]" started-at="2023-02-01T16:55:46 CST" name="getAllResult" finished-at="2023-02-01T16:55:48 CST" duration-ms="2280" status="PASS">
          <reporter-output>
          </reporter-output>
        </test-method> <!-- getAllResult -->
      </class> <!-- project.TestGet -->
    </test> <!-- Default test -->
  </suite> <!-- Default suite -->
</testng-results>
