<?xml version="1.0" encoding="UTF-8"?>
<testng-results ignored="0" total="1" passed="1" failed="0" skipped="0">
  <reporter-output>
  </reporter-output>
  <suite started-at="2023-02-14T10:24:24 CST" name="Default suite" finished-at="2023-02-14T10:24:28 CST" duration-ms="3456">
    <groups>
    </groups>
    <test started-at="2023-02-14T10:24:24 CST" name="Default test" finished-at="2023-02-14T10:24:28 CST" duration-ms="3456">
      <class name="project.TestPopulation">
        <test-method signature="getResult()[pri:0, instance:project.TestPopulation@19bb07ed]" started-at="2023-02-14T10:24:24 CST" name="getResult" finished-at="2023-02-14T10:24:28 CST" duration-ms="3412" status="PASS">
          <reporter-output>
          </reporter-output>
        </test-method> <!-- getResult -->
      </class> <!-- project.TestPopulation -->
    </test> <!-- Default test -->
  </suite> <!-- Default suite -->
</testng-results>
